{
  "RSpec": {
    "coverage": {
      "/Users/thidalak/Desktop/academy_quest/app/controllers/application_controller.rb": {
        "lines": [
          0,
          null,
          0,
          0
        ],
        "branches": {}
      },
      "/Users/thidalak/Desktop/academy_quest/app/controllers/quest_lists_controller.rb": {
        "lines": [
          0,
          0,
          null,
          null,
          0,
          0,
          0,
          null,
          null,
          0,
          0,
          null,
          null,
          0,
          0,
          0,
          null,
          null,
          0,
          0,
          null,
          null,
          0,
          0,
          null,
          0,
          0,
          0,
          0,
          0,
          0,
          0,
          0,
          0,
          0,
          null,
          null,
          0,
          0,
          0,
          0,
          0,
          0,
          0,
          0,
          0,
          0,
          0,
          null,
          null,
          0,
          0,
          null,
          0,
          0,
          0,
          0,
          0,
          null,
          0,
          null,
          0,
          0,
          0,
          null,
          null,
          0,
          0,
          0,
          0
        ],
        "branches": {}
      },
      "/Users/thidalak/Desktop/academy_quest/app/helpers/application_helper.rb": {
        "lines": [
          0,
          0
        ],
        "branches": {}
      },
      "/Users/thidalak/Desktop/academy_quest/app/helpers/quest_lists_helper.rb": {
        "lines": [
          0,
          0
        ],
        "branches": {}
      },
      "/Users/thidalak/Desktop/academy_quest/app/jobs/application_job.rb": {
        "lines": [
          0,
          null,
          null,
          null,
          null,
          null,
          0
        ],
        "branches": {}
      },
      "/Users/thidalak/Desktop/academy_quest/app/mailers/application_mailer.rb": {
        "lines": [
          0,
          0,
          0,
          0
        ],
        "branches": {}
      },
      "/Users/thidalak/Desktop/academy_quest/app/models/application_record.rb": {
        "lines": [
          0,
          0,
          0
        ],
        "branches": {}
      },
      "/Users/thidalak/Desktop/academy_quest/app/models/quest_list.rb": {
        "lines": [
          0,
          0
        ],
        "branches": {}
      }
    },
    "timestamp": 1755659421
  }
}
